<?xml version="1.0" encoding="UTF-8"?>
<!-- Generated by org.testng.reporters.JUnitReportReporter -->
<testsuite hostname="DESKTOP-6CV4G98" failures="0" tests="1" name="tests.HomeTest" time="4.862" errors="0" timestamp="2022-10-20T08:09:59 IST" skipped="0">
  <testcase classname="tests.HomeTest" name="logout" time="4.862"/>
  <system-out/>
</testsuite> <!-- tests.HomeTest -->
