<?xml version="1.0" encoding="UTF-8"?>
<!-- Generated by org.testng.reporters.JUnitReportReporter -->
<testsuite hostname="SATTYA" failures="0" tests="1" name="tests.HomeTest" time="6.234" errors="0" timestamp="2022-11-01T19:15:19 IST" skipped="0">
  <testcase classname="tests.HomeTest" name="logout" time="6.234"/>
  <system-out/>
</testsuite> <!-- tests.HomeTest -->
